<?xml version="1.0" encoding="UTF-8"?>
<!-- Generated by org.testng.reporters.JUnitReportReporter -->
<testsuite hostname="MacBook-Air.local" name="Academic.E2EProject.AppTest" tests="1" failures="0" timestamp="3 Jun 2020 17:04:27 GMT" time="0.002" errors="0">
  <testcase name="testApp" time="0.002" classname="Academic.E2EProject.AppTest"/>
</testsuite> <!-- Academic.E2EProject.AppTest -->
