<?xml version="1.0" encoding="UTF-8"?>
<!-- Generated by org.testng.reporters.JUnitReportReporter -->
<testsuite hostname="MacBook-Air.local" name="Academic.E2EProject.HomePage" tests="2" failures="0" timestamp="4 Jun 2020 07:58:20 GMT" time="42.019" errors="0">
  <testcase name="basePageNavigation" time="22.146" classname="Academic.E2EProject.HomePage"/>
  <testcase name="basePageNavigation" time="19.873" classname="Academic.E2EProject.HomePage"/>
</testsuite> <!-- Academic.E2EProject.HomePage -->
