<?xml version="1.0" encoding="UTF-8"?>
<!-- Generated by org.testng.reporters.JUnitReportReporter -->
<testsuite hostname="MacBook-Air.local" name="Academic.E2EProject.Table" tests="1" failures="0" timestamp="4 Jun 2020 16:07:42 GMT" time="0.172" errors="0">
  <testcase name="basePageNavigation" time="0.172" classname="Academic.E2EProject.Table"/>
</testsuite> <!-- Academic.E2EProject.Table -->
