<?xml version="1.0" encoding="UTF-8"?>
<!-- Generated by org.testng.reporters.JUnitReportReporter -->
<testsuite hostname="MacBook-Air.local" name="Academic.E2EProject.LoginPage" tests="2" failures="0" timestamp="5 Jun 2020 16:36:27 GMT" time="49.316" errors="0">
  <testcase name="basePageNavigation" time="31.451" classname="Academic.E2EProject.LoginPage"/>
  <testcase name="basePageNavigation" time="17.865" classname="Academic.E2EProject.LoginPage"/>
</testsuite> <!-- Academic.E2EProject.LoginPage -->
