<?xml version="1.0" encoding="UTF-8"?>
<!-- Generated by org.testng.reporters.JUnitReportReporter -->
<testsuite hostname="MacBook-Air.local" name="Academic.E2EProject.ValidateNavigationBar" tests="1" failures="0" timestamp="5 Jun 2020 16:36:27 GMT" time="0.195" errors="0">
  <testcase name="basePageNavigation" time="0.195" classname="Academic.E2EProject.ValidateNavigationBar"/>
</testsuite> <!-- Academic.E2EProject.ValidateNavigationBar -->
