<?xml version="1.0" encoding="UTF-8"?>
<!-- Generated by org.testng.reporters.JUnitReportReporter -->
<testsuite hostname="MacBook-Air.local" name="Academic.E2EProject.validateTitle" tests="1" failures="0" timestamp="4 Jun 2020 07:58:20 GMT" time="0.058" errors="0">
  <testcase name="basePageNavigation" time="0.058" classname="Academic.E2EProject.validateTitle"/>
</testsuite> <!-- Academic.E2EProject.validateTitle -->
